<?xml version="1.0" encoding="UTF-8"?>
<!-- Generated by org.testng.reporters.JUnitReportReporter -->
<testsuite hostname="Saurabhs-MacBook-Pro.local" failures="0" tests="1" name="testcases.TestHomepage" time="7.037" errors="0" timestamp="2022-07-21T10:33:32 IST" skipped="0">
  <testcase classname="testcases.TestHomepage" name="verifyHomepageText" time="7.037"/>
  <system-out/>
</testsuite> <!-- testcases.TestHomepage -->
